<?xml version="1.0" encoding="UTF-8"?>
<!-- Generated by org.testng.reporters.JUnitReportReporter -->
<testsuite hostname="Georgi-PC" failures="0" tests="1" name="com.getFiddler.tests.CreateAccountTests" time="27.062" errors="0" timestamp="2021-03-07T23:04:58 EET" skipped="0">
  <testcase classname="com.getFiddler.tests.CreateAccountTests" name="CreateNewAccountTest" time="27.062"/>
  <system-out/>
</testsuite> <!-- com.getFiddler.tests.CreateAccountTests -->
