<?xml version="1.0" encoding="UTF-8"?>
<!-- Generated by org.testng.reporters.JUnitReportReporter -->
<testsuite hostname="Georgi-PC" failures="0" tests="1" name="com.getFiddler.tests.LoginTests" time="16.649" errors="0" timestamp="2021-03-07T18:33:53 EET" skipped="0">
  <testcase classname="com.getFiddler.tests.LoginTests" name="LoginTest" time="16.649"/>
  <system-out/>
</testsuite> <!-- com.getFiddler.tests.LoginTests -->
