<?xml version="1.0" encoding="UTF-8"?>
<!-- Generated by org.testng.reporters.JUnitReportReporter -->
<testsuite hostname="Georgi-PC" failures="0" tests="1" name="com.getFiddler.tests.AuthenticateTests" time="15.951" errors="0" timestamp="2021-03-07T23:01:05 EET" skipped="0">
  <testcase classname="com.getFiddler.tests.AuthenticateTests" name="AuthenticateTest" time="15.951"/>
  <system-out/>
</testsuite> <!-- com.getFiddler.tests.AuthenticateTests -->
