<?xml version="1.0" encoding="UTF-8"?>
<!-- Generated by org.testng.reporters.JUnitReportReporter -->
<testsuite hostname="Georgi-PC" failures="0" tests="1" name="com.getFiddler.tests.AuthenticateTests" time="45.206" errors="0" timestamp="2021-03-08T10:10:17 EET" skipped="0">
  <testcase classname="com.getFiddler.tests.AuthenticateTests" name="AuthenticateTest" time="45.206"/>
  <system-out/>
</testsuite> <!-- com.getFiddler.tests.AuthenticateTests -->
