<?xml version="1.0" encoding="UTF-8"?>
<!-- Generated by org.testng.reporters.JUnitReportReporter -->
<testsuite hostname="Georgi-PC" failures="0" tests="1" name="com.getFiddler.tests.CaptureTrafficTests" time="22.192" errors="0" timestamp="2021-03-07T23:10:54 EET" skipped="0">
  <testcase classname="com.getFiddler.tests.CaptureTrafficTests" name="CaptureTrafficTest" time="22.192"/>
  <system-out/>
</testsuite> <!-- com.getFiddler.tests.CaptureTrafficTests -->
